<?xml version="1.0" ?>
<coverage branch-rate="0" branches-covered="0" branches-valid="0" complexity="0" line-rate="0.8565" lines-covered="358" lines-valid="418" timestamp="1574685717926" version="4.5.4">
	<!-- Generated by coverage.py: https://coverage.readthedocs.io -->
	<!-- Based on https://raw.githubusercontent.com/cobertura/web/master/htdocs/xml/coverage-04.dtd -->
	<sources>
		<source>/home/ncw135/Documents/AntimonyCombinations</source>
	</sources>
	<packages>
		<package branch-rate="0" complexity="0" line-rate="0.8049" name="antimony_combinations">
			<classes>
				<class branch-rate="0" complexity="0" filename="antimony_combinations/__init__.py" line-rate="1" name="__init__.py">
					<methods/>
					<lines>
						<line hits="1" number="1"/>
					</lines>
				</class>
				<class branch-rate="0" complexity="0" filename="antimony_combinations/antimony_combinations.py" line-rate="0.8041" name="antimony_combinations.py">
					<methods/>
					<lines>
						<line hits="1" number="1"/>
						<line hits="1" number="2"/>
						<line hits="1" number="3"/>
						<line hits="1" number="4"/>
						<line hits="1" number="8"/>
						<line hits="1" number="9"/>
						<line hits="1" number="10"/>
						<line hits="1" number="11"/>
						<line hits="1" number="12"/>
						<line hits="1" number="13"/>
						<line hits="1" number="14"/>
						<line hits="1" number="15"/>
						<line hits="1" number="16"/>
						<line hits="1" number="18"/>
						<line hits="1" number="19"/>
						<line hits="1" number="21"/>
						<line hits="1" number="22"/>
						<line hits="1" number="25"/>
						<line hits="1" number="31"/>
						<line hits="1" number="34"/>
						<line hits="1" number="35"/>
						<line hits="1" number="36"/>
						<line hits="1" number="37"/>
						<line hits="1" number="38"/>
						<line hits="1" number="40"/>
						<line hits="1" number="41"/>
						<line hits="0" number="42"/>
						<line hits="1" number="44"/>
						<line hits="1" number="45"/>
						<line hits="1" number="47"/>
						<line hits="0" number="48"/>
						<line hits="1" number="51"/>
						<line hits="1" number="386"/>
						<line hits="1" number="388"/>
						<line hits="1" number="389"/>
						<line hits="1" number="390"/>
						<line hits="0" number="391"/>
						<line hits="1" number="392"/>
						<line hits="1" number="393"/>
						<line hits="0" number="394"/>
						<line hits="1" number="396"/>
						<line hits="1" number="397"/>
						<line hits="1" number="400"/>
						<line hits="0" number="401"/>
						<line hits="1" number="404"/>
						<line hits="0" number="405"/>
						<line hits="1" number="407"/>
						<line hits="0" number="408"/>
						<line hits="1" number="410"/>
						<line hits="1" number="413"/>
						<line hits="1" number="417"/>
						<line hits="1" number="418"/>
						<line hits="1" number="420"/>
						<line hits="1" number="421"/>
						<line hits="1" number="423"/>
						<line hits="1" number="428"/>
						<line hits="1" number="430"/>
						<line hits="1" number="431"/>
						<line hits="1" number="433"/>
						<line hits="1" number="435"/>
						<line hits="1" number="436"/>
						<line hits="1" number="437"/>
						<line hits="1" number="438"/>
						<line hits="1" number="440"/>
						<line hits="1" number="441"/>
						<line hits="1" number="443"/>
						<line hits="1" number="444"/>
						<line hits="0" number="446"/>
						<line hits="1" number="447"/>
						<line hits="1" number="448"/>
						<line hits="1" number="449"/>
						<line hits="1" number="450"/>
						<line hits="1" number="451"/>
						<line hits="1" number="454"/>
						<line hits="1" number="455"/>
						<line hits="1" number="456"/>
						<line hits="1" number="457"/>
						<line hits="0" number="458"/>
						<line hits="1" number="459"/>
						<line hits="1" number="461"/>
						<line hits="1" number="462"/>
						<line hits="1" number="464"/>
						<line hits="1" number="465"/>
						<line hits="1" number="467"/>
						<line hits="1" number="477"/>
						<line hits="1" number="478"/>
						<line hits="1" number="479"/>
						<line hits="1" number="480"/>
						<line hits="1" number="481"/>
						<line hits="1" number="482"/>
						<line hits="1" number="484"/>
						<line hits="1" number="485"/>
						<line hits="1" number="486"/>
						<line hits="1" number="487"/>
						<line hits="1" number="488"/>
						<line hits="1" number="489"/>
						<line hits="1" number="491"/>
						<line hits="1" number="493"/>
						<line hits="1" number="495"/>
						<line hits="1" number="497"/>
						<line hits="1" number="498"/>
						<line hits="1" number="500"/>
						<line hits="1" number="502"/>
						<line hits="1" number="503"/>
						<line hits="1" number="504"/>
						<line hits="1" number="505"/>
						<line hits="1" number="507"/>
						<line hits="0" number="509"/>
						<line hits="0" number="510"/>
						<line hits="0" number="511"/>
						<line hits="0" number="512"/>
						<line hits="1" number="514"/>
						<line hits="1" number="516"/>
						<line hits="1" number="518"/>
						<line hits="1" number="519"/>
						<line hits="1" number="521"/>
						<line hits="1" number="522"/>
						<line hits="1" number="523"/>
						<line hits="1" number="525"/>
						<line hits="1" number="526"/>
						<line hits="1" number="527"/>
						<line hits="1" number="529"/>
						<line hits="1" number="531"/>
						<line hits="1" number="532"/>
						<line hits="1" number="533"/>
						<line hits="1" number="535"/>
						<line hits="1" number="536"/>
						<line hits="1" number="538"/>
						<line hits="1" number="539"/>
						<line hits="1" number="541"/>
						<line hits="1" number="542"/>
						<line hits="1" number="543"/>
						<line hits="1" number="544"/>
						<line hits="1" number="545"/>
						<line hits="1" number="546"/>
						<line hits="1" number="547"/>
						<line hits="1" number="549"/>
						<line hits="1" number="550"/>
						<line hits="1" number="552"/>
						<line hits="1" number="553"/>
						<line hits="1" number="554"/>
						<line hits="1" number="555"/>
						<line hits="1" number="556"/>
						<line hits="1" number="557"/>
						<line hits="1" number="558"/>
						<line hits="1" number="560"/>
						<line hits="1" number="562"/>
						<line hits="1" number="563"/>
						<line hits="1" number="564"/>
						<line hits="1" number="565"/>
						<line hits="1" number="566"/>
						<line hits="1" number="567"/>
						<line hits="1" number="569"/>
						<line hits="1" number="570"/>
						<line hits="1" number="572"/>
						<line hits="1" number="573"/>
						<line hits="1" number="575"/>
						<line hits="0" number="576"/>
						<line hits="1" number="581"/>
						<line hits="1" number="584"/>
						<line hits="1" number="585"/>
						<line hits="1" number="586"/>
						<line hits="1" number="588"/>
						<line hits="1" number="589"/>
						<line hits="1" number="591"/>
						<line hits="1" number="592"/>
						<line hits="1" number="595"/>
						<line hits="1" number="596"/>
						<line hits="1" number="597"/>
						<line hits="1" number="598"/>
						<line hits="1" number="599"/>
						<line hits="1" number="601"/>
						<line hits="1" number="609"/>
						<line hits="1" number="610"/>
						<line hits="1" number="614"/>
						<line hits="1" number="615"/>
						<line hits="1" number="616"/>
						<line hits="1" number="617"/>
						<line hits="1" number="618"/>
						<line hits="1" number="620"/>
						<line hits="1" number="622"/>
						<line hits="1" number="623"/>
						<line hits="1" number="626"/>
						<line hits="0" number="628"/>
						<line hits="0" number="629"/>
						<line hits="0" number="630"/>
						<line hits="1" number="631"/>
						<line hits="1" number="632"/>
						<line hits="0" number="634"/>
						<line hits="1" number="637"/>
						<line hits="0" number="638"/>
						<line hits="0" number="639"/>
						<line hits="1" number="640"/>
						<line hits="1" number="642"/>
						<line hits="1" number="650"/>
						<line hits="1" number="651"/>
						<line hits="1" number="652"/>
						<line hits="1" number="653"/>
						<line hits="1" number="654"/>
						<line hits="1" number="656"/>
						<line hits="1" number="657"/>
						<line hits="0" number="658"/>
						<line hits="0" number="659"/>
						<line hits="0" number="662"/>
						<line hits="1" number="663"/>
						<line hits="0" number="664"/>
						<line hits="1" number="665"/>
						<line hits="0" number="666"/>
						<line hits="1" number="667"/>
						<line hits="1" number="671"/>
						<line hits="1" number="673"/>
						<line hits="1" number="674"/>
						<line hits="1" number="675"/>
						<line hits="1" number="676"/>
						<line hits="1" number="677"/>
						<line hits="1" number="679"/>
						<line hits="0" number="680"/>
						<line hits="0" number="681"/>
						<line hits="0" number="682"/>
						<line hits="0" number="683"/>
						<line hits="0" number="684"/>
						<line hits="0" number="685"/>
						<line hits="0" number="686"/>
						<line hits="0" number="687"/>
						<line hits="0" number="688"/>
						<line hits="0" number="689"/>
						<line hits="0" number="691"/>
						<line hits="0" number="692"/>
						<line hits="0" number="693"/>
						<line hits="0" number="694"/>
						<line hits="0" number="695"/>
						<line hits="0" number="696"/>
						<line hits="0" number="698"/>
						<line hits="1" number="700"/>
						<line hits="0" number="701"/>
						<line hits="1" number="703"/>
						<line hits="0" number="704"/>
						<line hits="1" number="707"/>
						<line hits="0" number="708"/>
						<line hits="1" number="711"/>
						<line hits="0" number="712"/>
						<line hits="1" number="715"/>
						<line hits="0" number="733"/>
						<line hits="1" number="735"/>
						<line hits="0" number="736"/>
					</lines>
				</class>
			</classes>
		</package>
		<package branch-rate="0" complexity="0" line-rate="0.9302" name="tests">
			<classes>
				<class branch-rate="0" complexity="0" filename="tests/tests.py" line-rate="0.9302" name="tests.py">
					<methods/>
					<lines>
						<line hits="1" number="1"/>
						<line hits="1" number="3"/>
						<line hits="1" number="4"/>
						<line hits="1" number="5"/>
						<line hits="1" number="6"/>
						<line hits="1" number="9"/>
						<line hits="1" number="11"/>
						<line hits="1" number="12"/>
						<line hits="1" number="13"/>
						<line hits="1" number="14"/>
						<line hits="1" number="15"/>
						<line hits="1" number="16"/>
						<line hits="1" number="19"/>
						<line hits="1" number="20"/>
						<line hits="1" number="22"/>
						<line hits="0" number="23"/>
						<line hits="1" number="75"/>
						<line hits="0" number="80"/>
						<line hits="1" number="98"/>
						<line hits="1" number="99"/>
						<line hits="1" number="119"/>
						<line hits="0" number="120"/>
						<line hits="1" number="159"/>
						<line hits="0" number="177"/>
						<line hits="1" number="197"/>
						<line hits="0" number="198"/>
						<line hits="1" number="204"/>
						<line hits="1" number="215"/>
						<line hits="1" number="223"/>
						<line hits="1" number="224"/>
						<line hits="1" number="232"/>
						<line hits="1" number="233"/>
						<line hits="1" number="241"/>
						<line hits="1" number="242"/>
						<line hits="1" number="250"/>
						<line hits="1" number="251"/>
						<line hits="1" number="259"/>
						<line hits="1" number="260"/>
						<line hits="1" number="261"/>
						<line hits="1" number="263"/>
						<line hits="1" number="264"/>
						<line hits="1" number="265"/>
						<line hits="1" number="266"/>
						<line hits="1" number="268"/>
						<line hits="1" number="269"/>
						<line hits="1" number="270"/>
						<line hits="1" number="272"/>
						<line hits="1" number="273"/>
						<line hits="1" number="274"/>
						<line hits="1" number="275"/>
						<line hits="1" number="276"/>
						<line hits="1" number="278"/>
						<line hits="1" number="279"/>
						<line hits="1" number="280"/>
						<line hits="1" number="281"/>
						<line hits="1" number="282"/>
						<line hits="1" number="284"/>
						<line hits="1" number="285"/>
						<line hits="1" number="286"/>
						<line hits="1" number="287"/>
						<line hits="1" number="289"/>
						<line hits="1" number="291"/>
						<line hits="1" number="292"/>
						<line hits="1" number="293"/>
						<line hits="1" number="294"/>
						<line hits="1" number="295"/>
						<line hits="1" number="297"/>
						<line hits="1" number="298"/>
						<line hits="1" number="299"/>
						<line hits="1" number="300"/>
						<line hits="1" number="301"/>
						<line hits="1" number="303"/>
						<line hits="1" number="304"/>
						<line hits="1" number="306"/>
						<line hits="1" number="307"/>
						<line hits="1" number="309"/>
						<line hits="1" number="310"/>
						<line hits="1" number="311"/>
						<line hits="1" number="312"/>
						<line hits="1" number="314"/>
						<line hits="1" number="315"/>
						<line hits="1" number="316"/>
						<line hits="1" number="317"/>
						<line hits="1" number="319"/>
						<line hits="1" number="320"/>
						<line hits="1" number="321"/>
						<line hits="1" number="322"/>
						<line hits="1" number="324"/>
						<line hits="1" number="325"/>
						<line hits="1" number="326"/>
						<line hits="1" number="327"/>
						<line hits="1" number="330"/>
						<line hits="1" number="331"/>
						<line hits="1" number="333"/>
						<line hits="0" number="334"/>
						<line hits="1" number="386"/>
						<line hits="0" number="391"/>
						<line hits="1" number="409"/>
						<line hits="0" number="410"/>
						<line hits="1" number="430"/>
						<line hits="0" number="431"/>
						<line hits="1" number="470"/>
						<line hits="0" number="488"/>
						<line hits="1" number="508"/>
						<line hits="0" number="509"/>
						<line hits="1" number="515"/>
						<line hits="1" number="526"/>
						<line hits="1" number="534"/>
						<line hits="1" number="535"/>
						<line hits="1" number="543"/>
						<line hits="1" number="544"/>
						<line hits="1" number="552"/>
						<line hits="1" number="553"/>
						<line hits="1" number="561"/>
						<line hits="1" number="562"/>
						<line hits="1" number="570"/>
						<line hits="1" number="571"/>
						<line hits="1" number="572"/>
						<line hits="1" number="578"/>
						<line hits="1" number="579"/>
						<line hits="1" number="581"/>
						<line hits="1" number="582"/>
						<line hits="1" number="583"/>
						<line hits="1" number="584"/>
						<line hits="1" number="586"/>
						<line hits="1" number="587"/>
						<line hits="1" number="588"/>
						<line hits="1" number="591"/>
						<line hits="1" number="592"/>
						<line hits="1" number="596"/>
						<line hits="1" number="597"/>
						<line hits="1" number="599"/>
						<line hits="1" number="600"/>
						<line hits="1" number="612"/>
						<line hits="1" number="613"/>
						<line hits="1" number="619"/>
						<line hits="1" number="620"/>
						<line hits="1" number="643"/>
						<line hits="1" number="644"/>
						<line hits="1" number="646"/>
						<line hits="1" number="647"/>
						<line hits="1" number="649"/>
						<line hits="1" number="650"/>
						<line hits="1" number="658"/>
						<line hits="1" number="659"/>
						<line hits="1" number="667"/>
						<line hits="1" number="668"/>
						<line hits="1" number="676"/>
						<line hits="1" number="677"/>
						<line hits="1" number="685"/>
						<line hits="1" number="686"/>
						<line hits="1" number="694"/>
						<line hits="1" number="695"/>
						<line hits="1" number="696"/>
						<line hits="1" number="700"/>
						<line hits="1" number="701"/>
						<line hits="1" number="702"/>
						<line hits="1" number="703"/>
						<line hits="1" number="705"/>
						<line hits="1" number="706"/>
						<line hits="1" number="708"/>
						<line hits="1" number="709"/>
						<line hits="1" number="711"/>
						<line hits="1" number="713"/>
						<line hits="1" number="714"/>
						<line hits="1" number="716"/>
						<line hits="1" number="717"/>
						<line hits="1" number="718"/>
						<line hits="1" number="720"/>
						<line hits="1" number="722"/>
						<line hits="1" number="725"/>
						<line hits="0" number="726"/>
					</lines>
				</class>
			</classes>
		</package>
	</packages>
</coverage>
